c:\users\darius\google drive\research projects\data memes\code\memevizvs\memeviz\memeviz\x64\release\vc140.pdb
c:\users\darius\google drive\research projects\data memes\code\memevizvs\memeviz\memeviz\x64\release\csvparser.obj
c:\users\darius\google drive\research projects\data memes\code\memevizvs\memeviz\memeviz\x64\release\qrc_segmask.obj
c:\users\darius\google drive\research projects\data memes\code\memevizvs\memeviz\memeviz\x64\release\qrc_memeviz.obj
c:\users\darius\google drive\research projects\data memes\code\memevizvs\memeviz\memeviz\x64\release\titletextitem.obj
c:\users\darius\google drive\research projects\data memes\code\memevizvs\memeviz\memeviz\x64\release\segmask.obj
c:\users\darius\google drive\research projects\data memes\code\memevizvs\memeviz\memeviz\x64\release\sceneseg.obj
c:\users\darius\google drive\research projects\data memes\code\memevizvs\memeviz\memeviz\x64\release\scenememe.obj
c:\users\darius\google drive\research projects\data memes\code\memevizvs\memeviz\memeviz\x64\release\memeviz.obj
c:\users\darius\google drive\research projects\data memes\code\memevizvs\memeviz\memeviz\x64\release\main.obj
c:\users\darius\google drive\research projects\data memes\code\memevizvs\memeviz\memeviz\x64\release\load_img.obj
c:\users\darius\google drive\research projects\data memes\code\memevizvs\memeviz\memeviz\x64\release\imgfilter.obj
c:\users\darius\google drive\research projects\data memes\code\memevizvs\memeviz\memeviz\x64\release\moc_segmask.obj
c:\users\darius\google drive\research projects\data memes\code\memevizvs\memeviz\memeviz\x64\release\moc_memeviz.obj
c:\users\vai-lab\google drive\research projects\data memes\code\memevizvs\memeviz\memeviz\x64\release\vc141.pdb
c:\users\vai-lab\google drive\research projects\data memes\code\memevizvs\memeviz\memeviz\x64\release\csvparser.obj
c:\users\vai-lab\google drive\research projects\data memes\code\memevizvs\memeviz\memeviz\x64\release\qrc_segmask.obj
c:\users\vai-lab\google drive\research projects\data memes\code\memevizvs\memeviz\memeviz\x64\release\qrc_memeviz.obj
c:\users\vai-lab\google drive\research projects\data memes\code\memevizvs\memeviz\memeviz\x64\release\titletextitem.obj
c:\users\vai-lab\google drive\research projects\data memes\code\memevizvs\memeviz\memeviz\x64\release\segmask.obj
c:\users\vai-lab\google drive\research projects\data memes\code\memevizvs\memeviz\memeviz\x64\release\scenememe.obj
c:\users\vai-lab\google drive\research projects\data memes\code\memevizvs\memeviz\memeviz\x64\release\main.obj
c:\users\vai-lab\google drive\research projects\data memes\code\memevizvs\memeviz\memeviz\x64\release\moc_segmask.obj
c:\users\vai-lab\google drive\research projects\data memes\code\memevizvs\memeviz\memeviz\x64\release\moc_memeviz.obj
c:\users\vai-lab\google drive\research projects\data memes\code\memevizvs\memeviz\memeviz\x64\release\sceneseg.obj
c:\users\vai-lab\google drive\research projects\data memes\code\memevizvs\memeviz\memeviz\x64\release\memeviz.obj
c:\users\vai-lab\google drive\research projects\data memes\code\memevizvs\memeviz\memeviz\x64\release\load_img.obj
c:\users\vai-lab\google drive\research projects\data memes\code\memevizvs\memeviz\memeviz\x64\release\imgfilter.obj
c:\users\darius\google drive\research projects\data memes\code\memevizvs\memeviz\memeviz\generatedfiles\release\moc_memeviz.cpp
c:\users\darius\google drive\research projects\data memes\code\memevizvs\memeviz\memeviz\generatedfiles\release\moc_segmask.cpp
c:\users\darius\google drive\research projects\data memes\code\memevizvs\memeviz\memeviz\generatedfiles\qrc_memeviz.cpp
c:\users\darius\google drive\research projects\data memes\code\memevizvs\memeviz\memeviz\generatedfiles\ui_segmask.h
c:\users\darius\google drive\research projects\data memes\code\memevizvs\memeviz\memeviz\generatedfiles\qrc_segmask.cpp
c:\users\darius\google drive\research projects\data memes\code\memevizvs\memeviz\memeviz\generatedfiles\ui_memeviz.h
c:\users\vai-lab\google drive\research projects\data memes\code\memevizvs\memeviz\memeviz\generatedfiles\ui_memeviz.h
c:\users\vai-lab\google drive\research projects\data memes\code\memevizvs\memeviz\memeviz\generatedfiles\qrc_memeviz.cpp
c:\users\vai-lab\google drive\research projects\data memes\code\memevizvs\memeviz\memeviz\generatedfiles\ui_segmask.h
c:\users\vai-lab\google drive\research projects\data memes\code\memevizvs\memeviz\memeviz\generatedfiles\qrc_segmask.cpp
c:\users\vai-lab\google drive\research projects\data memes\code\memevizvs\memeviz\memeviz\generatedfiles\release\moc_memeviz.cpp
c:\users\vai-lab\google drive\research projects\data memes\code\memevizvs\memeviz\memeviz\generatedfiles\release\moc_segmask.cpp
c:\users\darius\google drive\research projects\data memes\code\memevizvs\memeviz\x64\release\memeviz.ilk
c:\users\darius\google drive\research projects\data memes\code\memevizvs\memeviz\x64\release\memeviz.exe
c:\users\darius\google drive\research projects\data memes\code\memevizvs\memeviz\x64\release\memeviz.pdb
c:\users\vai-lab\google drive\research projects\data memes\code\memevizvs\memeviz\x64\release\memeviz.ilk
c:\users\vai-lab\google drive\research projects\data memes\code\memevizvs\memeviz\x64\release\memeviz.exe
c:\users\vai-lab\google drive\research projects\data memes\code\memevizvs\memeviz\x64\release\memeviz.pdb
c:\users\darius\google drive\research projects\data memes\code\memevizvs\memeviz\memeviz\x64\release\memeviz.res
c:\users\vai-lab\google drive\research projects\data memes\code\memevizvs\memeviz\memeviz\x64\release\memeviz.res
c:\users\vai-lab\google drive\research projects\data memes\code\memevizvs\memeviz\memeviz\x64\release\vc140.pdb
c:\users\vai-lab\google drive\research projects\data memes\code\memevizvs\memeviz\memeviz\x64\release\memeviz.tlog\cl.command.1.tlog
c:\users\vai-lab\google drive\research projects\data memes\code\memevizvs\memeviz\memeviz\x64\release\memeviz.tlog\cl.read.1.tlog
c:\users\vai-lab\google drive\research projects\data memes\code\memevizvs\memeviz\memeviz\x64\release\memeviz.tlog\cl.write.1.tlog
c:\users\vai-lab\google drive\research projects\data memes\code\memevizvs\memeviz\memeviz\x64\release\memeviz.tlog\custombuild.command.1.tlog
c:\users\vai-lab\google drive\research projects\data memes\code\memevizvs\memeviz\memeviz\x64\release\memeviz.tlog\custombuild.read.1.tlog
c:\users\vai-lab\google drive\research projects\data memes\code\memevizvs\memeviz\memeviz\x64\release\memeviz.tlog\custombuild.write.1.tlog
c:\users\vai-lab\google drive\research projects\data memes\code\memevizvs\memeviz\memeviz\x64\release\memeviz.tlog\link.command.1.tlog
c:\users\vai-lab\google drive\research projects\data memes\code\memevizvs\memeviz\memeviz\x64\release\memeviz.tlog\link.read.1.tlog
c:\users\vai-lab\google drive\research projects\data memes\code\memevizvs\memeviz\memeviz\x64\release\memeviz.tlog\link.write.1.tlog
c:\users\vai-lab\google drive\research projects\data memes\code\memevizvs\memeviz\memeviz\x64\release\memeviz.tlog\rc.command.1.tlog
c:\users\vai-lab\google drive\research projects\data memes\code\memevizvs\memeviz\memeviz\x64\release\memeviz.tlog\rc.read.1.tlog
c:\users\vai-lab\google drive\research projects\data memes\code\memevizvs\memeviz\memeviz\x64\release\memeviz.tlog\rc.write.1.tlog
