Build started 23/07/2015 14:12:44.
     1>Project "C:\Users\sunykorea\Desktop\Google Drive\Research Projects\Memorable Visualization\IEEE TVCG\Code\MemeViz\MemeViz\MemeViz.vcxproj" on node 2 (Build target(s)).
     1>CustomBuild:
         Moc'ing memeviz.h...
         Uic'ing memeviz.ui...
         Rcc'ing memeviz.qrc...
     1>RCC : warning : No resources in 'C:\Users\sunykorea\Desktop\Google Drive\Research Projects\Memorable Visualization\IEEE TVCG\Code\MemeViz\MemeViz\memeviz.qrc'.
         
       ClCompile:
         C:\Program Files (x86)\Microsoft Visual Studio 12.0\VC\bin\CL.exe /c /I.\GeneratedFiles /I. /IC:\Libs\Qt\Qt5.5.0\5.5\msvc2013_64\include /I.\GeneratedFiles\Debug /IC:\Libs\Qt\Qt5.5.0\5.5\msvc2013_64\include\QtCore /IC:\Libs\Qt\Qt5.5.0\5.5\msvc2013_64\include\QtGui /IC:\Libs\Qt\Qt5.5.0\5.5\msvc2013_64\include\QtMultimediaWidgets /IC:\Libs\Qt\Qt5.5.0\5.5\msvc2013_64\include\QtOpenGL /IC:\Libs\Qt\Qt5.5.0\5.5\msvc2013_64\include\QtSvg /IC:\Libs\Qt\Qt5.5.0\5.5\msvc2013_64\include\QtWidgets /Zi /nologo /W1 /WX- /Od /Oy- /D UNICODE /D WIN32 /D WIN64 /D QT_DLL /D QT_CORE_LIB /D QT_GUI_LIB /D QT_MULTIMEDIAWIDGETS_LIB /D QT_OPENGL_LIB /D QT_SVG_LIB /D QT_WIDGETS_LIB /Gm- /EHsc /MDd /GS /fp:precise /Zc:wchar_t /Zc:forScope /Fo"Debug\\" /Fd"Debug\vc120.pdb" /Gd /TP /analyze- /errorReport:prompt GeneratedFiles\Debug\moc_memeviz.cpp main.cpp memeviz.cpp
         moc_memeviz.cpp
         main.cpp
         memeviz.cpp
         Generating Code...
         C:\Program Files (x86)\Microsoft Visual Studio 12.0\VC\bin\CL.exe /c /I.\GeneratedFiles /I. /IC:\Libs\Qt\Qt5.5.0\5.5\msvc2013_64\include /I.\GeneratedFiles\Debug /IC:\Libs\Qt\Qt5.5.0\5.5\msvc2013_64\include\QtCore /IC:\Libs\Qt\Qt5.5.0\5.5\msvc2013_64\include\QtGui /IC:\Libs\Qt\Qt5.5.0\5.5\msvc2013_64\include\QtMultimediaWidgets /IC:\Libs\Qt\Qt5.5.0\5.5\msvc2013_64\include\QtOpenGL /IC:\Libs\Qt\Qt5.5.0\5.5\msvc2013_64\include\QtSvg /IC:\Libs\Qt\Qt5.5.0\5.5\msvc2013_64\include\QtWidgets /Zi /nologo /W1 /WX- /Od /Oy- /D UNICODE /D WIN32 /D WIN64 /D QT_DLL /D QT_CORE_LIB /D QT_GUI_LIB /D QT_MULTIMEDIAWIDGETS_LIB /D QT_OPENGL_LIB /D QT_SVG_LIB /D QT_WIDGETS_LIB /Gm- /EHsc /MDd /GS /fp:precise /Zc:wchar_t /Zc:forScope /Fo"Debug\\" /Fd"Debug\vc120.pdb" /Gd /TP /analyze- /errorReport:prompt GeneratedFiles\qrc_memeviz.cpp
         qrc_memeviz.cpp
       Link:
         C:\Program Files (x86)\Microsoft Visual Studio 12.0\VC\bin\link.exe /ERRORREPORT:PROMPT /OUT:"C:\Users\sunykorea\Desktop\Google Drive\Research Projects\Memorable Visualization\IEEE TVCG\Code\MemeViz\Win32\Debug\\MemeViz.exe" /NOLOGO /LIBPATH:C:\Libs\Qt\Qt5.5.0\5.5\msvc2013_64\lib qtmaind.lib Qt5Cored.lib Qt5Guid.lib Qt5MultimediaWidgetsd.lib Qt5OpenGLd.lib opengl32.lib glu32.lib Qt5Svgd.lib Qt5Widgetsd.lib kernel32.lib user32.lib gdi32.lib winspool.lib comdlg32.lib advapi32.lib shell32.lib ole32.lib oleaut32.lib uuid.lib odbc32.lib odbccp32.lib /MANIFEST /MANIFESTUAC:"level='asInvoker' uiAccess='false'" /manifest:embed /DEBUG /PDB:"C:\Users\sunykorea\Desktop\Google Drive\Research Projects\Memorable Visualization\IEEE TVCG\Code\MemeViz\Win32\Debug\MemeViz.pdb" /SUBSYSTEM:WINDOWS /TLBID:1 /DYNAMICBASE /NXCOMPAT /IMPLIB:"C:\Users\sunykorea\Desktop\Google Drive\Research Projects\Memorable Visualization\IEEE TVCG\Code\MemeViz\Win32\Debug\MemeViz.lib" /MACHINE:X86 /SAFESEH Debug\moc_memeviz.obj
         Debug\qrc_memeviz.obj
         Debug\main.obj
         Debug\memeviz.obj
     1>Qt5Widgetsd.lib(Qt5Widgetsd.dll) : fatal error LNK1112: module machine type 'x64' conflicts with target machine type 'X86'
     1>Done Building Project "C:\Users\sunykorea\Desktop\Google Drive\Research Projects\Memorable Visualization\IEEE TVCG\Code\MemeViz\MemeViz\MemeViz.vcxproj" (Build target(s)) -- FAILED.

Build FAILED.

Time Elapsed 00:00:04.82
