c:\users\sunykorea\desktop\google drive\research projects\memorable visualization\ieee tvcg\code\memeviz\memeviz\x64\debug\vc120.pdb
c:\users\sunykorea\desktop\google drive\research projects\memorable visualization\ieee tvcg\code\memeviz\memeviz\x64\debug\csvparser.obj
c:\users\sunykorea\desktop\google drive\research projects\memorable visualization\ieee tvcg\code\memeviz\memeviz\x64\debug\memeviz.obj
c:\users\sunykorea\desktop\google drive\research projects\memorable visualization\ieee tvcg\code\memeviz\memeviz\x64\debug\main.obj
c:\users\sunykorea\desktop\google drive\research projects\memorable visualization\ieee tvcg\code\memeviz\memeviz\x64\debug\moc_memeviz.obj
c:\users\sunykorea\desktop\google drive\research projects\memorable visualization\ieee tvcg\code\memeviz\memeviz\x64\debug\scenepie.obj
c:\users\sunykorea\desktop\google drive\research projects\memorable visualization\ieee tvcg\code\memeviz\memeviz\x64\debug\load_img.obj
c:\users\sunykorea\desktop\google drive\research projects\memorable visualization\ieee tvcg\code\memeviz\memeviz\x64\debug\qrc_memeviz.obj
j:\memorable visualization\ieee tvcg\code\memeviz\memeviz\x64\debug\vc140.pdb
j:\memorable visualization\ieee tvcg\code\memeviz\memeviz\x64\debug\csvparser.obj
j:\memorable visualization\ieee tvcg\code\memeviz\memeviz\x64\debug\scenepie.obj
j:\memorable visualization\ieee tvcg\code\memeviz\memeviz\x64\debug\sceneline.obj
j:\memorable visualization\ieee tvcg\code\memeviz\memeviz\x64\debug\scenebars.obj
j:\memorable visualization\ieee tvcg\code\memeviz\memeviz\x64\debug\qcustomplot.obj
j:\memorable visualization\ieee tvcg\code\memeviz\memeviz\x64\debug\memeviz.obj
j:\memorable visualization\ieee tvcg\code\memeviz\memeviz\x64\debug\main.obj
j:\memorable visualization\ieee tvcg\code\memeviz\memeviz\x64\debug\load_img.obj
j:\memorable visualization\ieee tvcg\code\memeviz\memeviz\x64\debug\imgfilter.obj
j:\memorable visualization\ieee tvcg\code\memeviz\memeviz\x64\debug\moc_qcustomplot.obj
j:\memorable visualization\ieee tvcg\code\memeviz\memeviz\x64\debug\moc_memeviz.obj
j:\memorable visualization\ieee tvcg\code\memeviz\memeviz\x64\debug\qrc_memeviz.obj
c:\users\sunykorea\desktop\google drive\research projects\memorable visualization\ieee tvcg\code\memeviz\memeviz\generatedfiles\qrc_memeviz.cpp
c:\users\sunykorea\desktop\google drive\research projects\memorable visualization\ieee tvcg\code\memeviz\memeviz\generatedfiles\ui_memeviz.h
c:\users\sunykorea\desktop\google drive\research projects\memorable visualization\ieee tvcg\code\memeviz\memeviz\generatedfiles\debug\moc_memeviz.cpp
j:\memorable visualization\ieee tvcg\code\memeviz\memeviz\generatedfiles\debug\moc_memeviz.cpp
j:\memorable visualization\ieee tvcg\code\memeviz\memeviz\generatedfiles\ui_memeviz.h
j:\memorable visualization\ieee tvcg\code\memeviz\memeviz\generatedfiles\debug\moc_qcustomplot.cpp
j:\memorable visualization\ieee tvcg\code\memeviz\memeviz\generatedfiles\qrc_memeviz.cpp
c:\users\sunykorea\desktop\google drive\research projects\memorable visualization\ieee tvcg\code\memeviz\x64\debug\memeviz.ilk
c:\users\sunykorea\desktop\google drive\research projects\memorable visualization\ieee tvcg\code\memeviz\x64\debug\memeviz.exe
c:\users\sunykorea\desktop\google drive\research projects\memorable visualization\ieee tvcg\code\memeviz\x64\debug\memeviz.pdb
j:\memorable visualization\ieee tvcg\code\memeviz\memeviz\x64\debug\vc120.pdb
j:\memorable visualization\ieee tvcg\code\memeviz\x64\debug\memeviz.pdb
j:\memorable visualization\ieee tvcg\code\memeviz\memeviz\x64\debug\memeviz.tlog\cl.command.1.tlog
j:\memorable visualization\ieee tvcg\code\memeviz\memeviz\x64\debug\memeviz.tlog\cl.read.1.tlog
j:\memorable visualization\ieee tvcg\code\memeviz\memeviz\x64\debug\memeviz.tlog\cl.write.1.tlog
j:\memorable visualization\ieee tvcg\code\memeviz\memeviz\x64\debug\memeviz.tlog\custombuild.command.1.tlog
j:\memorable visualization\ieee tvcg\code\memeviz\memeviz\x64\debug\memeviz.tlog\custombuild.read.1.tlog
j:\memorable visualization\ieee tvcg\code\memeviz\memeviz\x64\debug\memeviz.tlog\custombuild.write.1.tlog
j:\memorable visualization\ieee tvcg\code\memeviz\memeviz\x64\debug\memeviz.tlog\link.command.1.tlog
j:\memorable visualization\ieee tvcg\code\memeviz\memeviz\x64\debug\memeviz.tlog\link.read.1.tlog
j:\memorable visualization\ieee tvcg\code\memeviz\memeviz\x64\debug\memeviz.tlog\link.write.1.tlog
